[2026-03-05T01:20:04.141Z] Starting dev server with command: pnpm run dev
[2026-03-05T01:20:04.846Z] 
[2026-03-05T01:20:04.847Z] > seraj_asenware_yemen@1.0.0 dev /home/ubuntu/seraj_asenware_yemen
[2026-03-05T01:20:04.847Z] > vite --host
[2026-03-05T01:20:04.848Z] 
[2026-03-05T01:20:05.471Z] 
[2026-03-05T01:20:05.472Z] VITE v7.1.9  ready in 581 ms
[2026-03-05T01:20:05.472Z] 
[2026-03-05T01:20:05.473Z] ➜  Local:   http://localhost:3000/
[2026-03-05T01:20:05.474Z] ➜  Network: http://169.254.0.21:3000/
[2026-03-05T01:22:01.499Z] 8:22:01 PM [vite] (client) page reload index.html
[2026-03-05T01:23:37.345Z] Dev server process group stopped
[2026-03-05T01:23:37.348Z] ELIFECYCLE  Command failed.
[2026-03-05T01:23:37.360Z] Dev server exited with code -15
[2026-03-05T01:23:40.352Z] Starting dev server with command: pnpm run dev
[2026-03-05T01:23:40.942Z] 
[2026-03-05T01:23:40.943Z] > seraj_asenware_yemen@1.0.0 dev /home/ubuntu/seraj_asenware_yemen
[2026-03-05T01:23:40.943Z] > vite --host
[2026-03-05T01:23:40.943Z] 
[2026-03-05T01:23:41.256Z] 
[2026-03-05T01:23:41.257Z] VITE v7.1.9  ready in 279 ms
[2026-03-05T01:23:41.258Z] 
[2026-03-05T01:23:41.258Z] ➜  Local:   http://localhost:3000/
[2026-03-05T01:23:41.259Z] ➜  Network: http://169.254.0.21:3000/
[2026-03-05T01:23:42.909Z] [baseline-browser-mapping] The data in this module is over two months old.  To ensure accurate Baseline data, please update: `npm i baseline-browser-mapping@latest -D`
[2026-03-05T01:24:44.291Z] 8:24:44 PM [vite] (client) hmr update /src/App.tsx, /src/index.css
[2026-03-05T01:25:08.079Z] 8:25:08 PM [vite] (client) hmr update /src/App.tsx, /src/index.css
[2026-03-05T01:25:14.857Z] 8:25:14 PM [vite] (client) hmr update /src/components/Header.tsx, /src/index.css
[2026-03-05T01:25:20.029Z] Dev server process group stopped
[2026-03-05T01:25:20.032Z] ELIFECYCLE  Command failed.
[2026-03-05T01:25:20.047Z] Dev server exited with code -15
[2026-03-05T01:25:23.049Z] Starting dev server with command: pnpm run dev
[2026-03-05T01:25:23.654Z] 
[2026-03-05T01:25:23.654Z] > seraj_asenware_yemen@1.0.0 dev /home/ubuntu/seraj_asenware_yemen
[2026-03-05T01:25:23.655Z] > vite --host
[2026-03-05T01:25:23.655Z] 
[2026-03-05T01:25:23.986Z] 
[2026-03-05T01:25:23.986Z] VITE v7.1.9  ready in 297 ms
[2026-03-05T01:25:23.986Z] 
[2026-03-05T01:25:23.987Z] ➜  Local:   http://localhost:3000/
[2026-03-05T01:25:23.987Z] ➜  Network: http://169.254.0.21:3000/
[2026-03-05T01:25:24.432Z] [baseline-browser-mapping] The data in this module is over two months old.  To ensure accurate Baseline data, please update: `npm i baseline-browser-mapping@latest -D`
[2026-03-08T04:10:36.590Z] 11:10:36 PM [vite] (client) hmr update /src/App.tsx, /src/index.css
[2026-03-08T04:10:43.851Z] 11:10:43 PM [vite] (client) hmr update /src/components/Header.tsx, /src/index.css
[2026-03-08T04:10:43.880Z] 11:10:43 PM [vite] Internal server error: /home/ubuntu/seraj_asenware_yemen/client/src/components/Header.tsx: Unexpected token, expected "}" (90:51)
[2026-03-08T04:10:43.880Z] 
[2026-03-08T04:10:43.880Z] 88 |             <Link href="/products">
[2026-03-08T04:10:43.881Z] 89 |               <a
[2026-03-08T04:10:43.881Z] > 90 |                 onClick={() => se            <Link href="/products">
[2026-03-08T04:10:43.881Z] |                                                    ^
[2026-03-08T04:10:43.881Z] 91 |               <a
[2026-03-08T04:10:43.881Z] 92 |                 onClick={() => setIsMenuOpen(false)}
[2026-03-08T04:10:43.881Z] 93 |                 className="block py-2 text-foreground hover:text-accent transition-colors font-medium"
[2026-03-08T04:10:43.882Z] Plugin: vite:react-babel
[2026-03-08T04:10:43.882Z] File: /home/ubuntu/seraj_asenware_yemen/client/src/components/Header.tsx:90:51
[2026-03-08T04:10:43.882Z] 88 |              <Link href="/products">
[2026-03-08T04:10:43.882Z] 89 |                <a
[2026-03-08T04:10:43.882Z] 90 |                  onClick={() => se            <Link href="/products">
[2026-03-08T04:10:43.883Z] |                                                     ^
[2026-03-08T04:10:43.883Z] 91 |                <a
[2026-03-08T04:10:43.883Z] 92 |                  onClick={() => setIsMenuOpen(false)}
[2026-03-08T04:10:43.883Z] at constructor (/home/ubuntu/seraj_asenware_yemen/node_modules/.pnpm/@babel+parser@7.28.4/node_modules/@babel/parser/lib/index.js:367:19)
[2026-03-08T04:10:43.884Z] at TypeScriptParserMixin.raise (/home/ubuntu/seraj_asenware_yemen/node_modules/.pnpm/@babel+parser@7.28.4/node_modules/@babel/parser/lib/index.js:6630:19)
[2026-03-08T04:10:43.884Z] at TypeScriptParserMixin.unexpected (/home/ubuntu/seraj_asenware_yemen/node_modules/.pnpm/@babel+parser@7.28.4/node_modules/@babel/parser/lib/index.js:6650:16)
[2026-03-08T04:10:43.885Z] at TypeScriptParserMixin.expect (/home/ubuntu/seraj_asenware_yemen/node_modules/.pnpm/@babel+parser@7.28.4/node_modules/@babel/parser/lib/index.js:6930:12)
[2026-03-08T04:10:43.885Z] at TypeScriptParserMixin.jsxParseExpressionContainer (/home/ubuntu/seraj_asenware_yemen/node_modules/.pnpm/@babel+parser@7.28.4/node_modules/@babel/parser/lib/index.js:4670:10)
[2026-03-08T04:10:43.885Z] at TypeScriptParserMixin.jsxParseAttributeValue (/home/ubuntu/seraj_asenware_yemen/node_modules/.pnpm/@babel+parser@7.28.4/node_modules/@babel/parser/lib/index.js:4637:21)
[2026-03-08T04:10:43.885Z] at TypeScriptParserMixin.jsxParseAttribute (/home/ubuntu/seraj_asenware_yemen/node_modules/.pnpm/@babel+parser@7.28.4/node_modules/@babel/parser/lib/index.js:4686:38)
[2026-03-08T04:10:43.886Z] at TypeScriptParserMixin.jsxParseOpeningElementAfterName (/home/ubuntu/seraj_asenware_yemen/node_modules/.pnpm/@babel+parser@7.28.4/node_modules/@babel/parser/lib/index.js:4700:28)
[2026-03-08T04:10:43.886Z] at TypeScriptParserMixin.jsxParseOpeningElementAfterName (/home/ubuntu/seraj_asenware_yemen/node_modules/.pnpm/@babel+parser@7.28.4/node_modules/@babel/parser/lib/index.js:10067:18)
[2026-03-08T04:10:43.886Z] at TypeScriptParserMixin.jsxParseOpeningElementAt (/home/ubuntu/seraj_asenware_yemen/node_modules/.pnpm/@babel+parser@7.28.4/node_modules/@babel/parser/lib/index.js:4695:17)
[2026-03-08T04:10:43.886Z] at TypeScriptParserMixin.jsxParseElementAt (/home/ubuntu/seraj_asenware_yemen/node_modules/.pnpm/@babel+parser@7.28.4/node_modules/@babel/parser/lib/index.js:4719:33)
[2026-03-08T04:10:43.886Z] at TypeScriptParserMixin.jsxParseElementAt (/home/ubuntu/seraj_asenware_yemen/node_modules/.pnpm/@babel+parser@7.28.4/node_modules/@babel/parser/lib/index.js:4731:32)
[2026-03-08T04:10:43.887Z] at TypeScriptParserMixin.jsxParseElementAt (/home/ubuntu/seraj_asenware_yemen/node_modules/.pnpm/@babel+parser@7.28.4/node_modules/@babel/parser/lib/index.js:4731:32)
[2026-03-08T04:10:43.887Z] at TypeScriptParserMixin.jsxParseElementAt (/home/ubuntu/seraj_asenware_yemen/node_modules/.pnpm/@babel+parser@7.28.4/node_modules/@babel/parser/lib/index.js:4731:32)
[2026-03-08T04:10:43.887Z] at TypeScriptParserMixin.jsxParseElement (/home/ubuntu/seraj_asenware_yemen/node_modules/.pnpm/@babel+parser@7.28.4/node_modules/@babel/parser/lib/index.js:4782:17)
[2026-03-08T04:10:43.890Z] at TypeScriptParserMixin.parseExprAtom (/home/ubuntu/seraj_asenware_yemen/node_modules/.pnpm/@babel+parser@7.28.4/node_modules/@babel/parser/lib/index.js:4792:19)
[2026-03-08T04:10:43.891Z] at TypeScriptParserMixin.parseExprSubscripts (/home/ubuntu/seraj_asenware_yemen/node_modules/.pnpm/@babel+parser@7.28.4/node_modules/@babel/parser/lib/index.js:11085:23)
[2026-03-08T04:10:43.891Z] at TypeScriptParserMixin.parseUpdate (/home/ubuntu/seraj_asenware_yemen/node_modules/.pnpm/@babel+parser@7.28.4/node_modules/@babel/parser/lib/index.js:11070:21)
[2026-03-08T04:10:43.891Z] at TypeScriptParserMixin.parseMaybeUnary (/home/ubuntu/seraj_asenware_yemen/node_modules/.pnpm/@babel+parser@7.28.4/node_modules/@babel/parser/lib/index.js:11050:23)
[2026-03-08T04:10:43.891Z] at TypeScriptParserMixin.parseMaybeUnary (/home/ubuntu/seraj_asenware_yemen/node_modules/.pnpm/@babel+parser@7.28.4/node_modules/@babel/parser/lib/index.js:9857:18)
[2026-03-08T04:10:43.891Z] at TypeScriptParserMixin.parseMaybeUnaryOrPrivate (/home/ubuntu/seraj_asenware_yemen/node_modules/.pnpm/@babel+parser@7.28.4/node_modules/@babel/parser/lib/index.js:10903:61)
[2026-03-08T04:10:43.892Z] at TypeScriptParserMixin.parseExprOps (/home/ubuntu/seraj_asenware_yemen/node_modules/.pnpm/@babel+parser@7.28.4/node_modules/@babel/parser/lib/index.js:10908:23)
[2026-03-08T04:10:43.892Z] at TypeScriptParserMixin.parseMaybeConditional (/home/ubuntu/seraj_asenware_yemen/node_modules/.pnpm/@babel+parser@7.28.4/node_modules/@babel/parser/lib/index.js:10885:23)
[2026-03-08T04:10:43.892Z] at TypeScriptParserMixin.parseMaybeAssign (/home/ubuntu/seraj_asenware_yemen/node_modules/.pnpm/@babel+parser@7.28.4/node_modules/@babel/parser/lib/index.js:10835:21)
[2026-03-08T04:10:43.892Z] at /home/ubuntu/seraj_asenware_yemen/node_modules/.pnpm/@babel+parser@7.28.4/node_modules/@babel/parser/lib/index.js:9795:39
[2026-03-08T04:10:43.892Z] at TypeScriptParserMixin.tryParse (/home/ubuntu/seraj_asenware_yemen/node_modules/.pnpm/@babel+parser@7.28.4/node_modules/@babel/parser/lib/index.js:6938:20)
[2026-03-08T04:10:43.892Z] at TypeScriptParserMixin.parseMaybeAssign (/home/ubuntu/seraj_asenware_yemen/node_modules/.pnpm/@babel+parser@7.28.4/node_modules/@babel/parser/lib/index.js:9795:18)
[2026-03-08T04:10:43.892Z] at /home/ubuntu/seraj_asenware_yemen/node_modules/.pnpm/@babel+parser@7.28.4/node_modules/@babel/parser/lib/index.js:10804:39
[2026-03-08T04:10:43.892Z] at TypeScriptParserMixin.allowInAnd (/home/ubuntu/seraj_asenware_yemen/node_modules/.pnpm/@babel+parser@7.28.4/node_modules/@babel/parser/lib/index.js:12436:12)
[2026-03-08T04:10:43.893Z] at TypeScriptParserMixin.parseMaybeAssignAllowIn (/home/ubuntu/seraj_asenware_yemen/node_modules/.pnpm/@babel+parser@7.28.4/node_modules/@babel/parser/lib/index.js:10804:17)
[2026-03-08T04:10:43.893Z] at TypeScriptParserMixin.parseMaybeAssignAllowInOrVoidPattern (/home/ubuntu/seraj_asenware_yemen/node_modules/.pnpm/@babel+parser@7.28.4/node_modules/@babel/parser/lib/index.js:12503:17)
[2026-03-08T04:10:43.893Z] at TypeScriptParserMixin.parseParenAndDistinguishExpression (/home/ubuntu/seraj_asenware_yemen/node_modules/.pnpm/@babel+parser@7.28.4/node_modules/@babel/parser/lib/index.js:11683:28)
[2026-03-08T04:10:43.893Z] at TypeScriptParserMixin.parseExprAtom (/home/ubuntu/seraj_asenware_yemen/node_modules/.pnpm/@babel+parser@7.28.4/node_modules/@babel/parser/lib/index.js:11335:23)
[2026-03-08T04:10:43.893Z] at TypeScriptParserMixin.parseExprAtom (/home/ubuntu/seraj_asenware_yemen/node_modules/.pnpm/@babel+parser@7.28.4/node_modules/@babel/parser/lib/index.js:4797:20)
[2026-03-08T04:10:43.893Z] at TypeScriptParserMixin.parseExprSubscripts (/home/ubuntu/seraj_asenware_yemen/node_modules/.pnpm/@babel+parser@7.28.4/node_modules/@babel/parser/lib/index.js:11085:23)
[2026-03-08T04:10:43.893Z] at TypeScriptParserMixin.parseUpdate (/home/ubuntu/seraj_asenware_yemen/node_modules/.pnpm/@babel+parser@7.28.4/node_modules/@babel/parser/lib/index.js:11070:21)
[2026-03-08T04:10:43.893Z] at TypeScriptParserMixin.parseMaybeUnary (/home/ubuntu/seraj_asenware_yemen/node_modules/.pnpm/@babel+parser@7.28.4/node_modules/@babel/parser/lib/index.js:11050:23)
[2026-03-08T04:10:43.893Z] at TypeScriptParserMixin.parseMaybeUnary (/home/ubuntu/seraj_asenware_yemen/node_modules/.pnpm/@babel+parser@7.28.4/node_modules/@babel/parser/lib/index.js:9857:18)
[2026-03-08T04:10:43.894Z] at TypeScriptParserMixin.parseMaybeUnaryOrPrivate (/home/ubuntu/seraj_asenware_yemen/node_modules/.pnpm/@babel+parser@7.28.4/node_modules/@babel/parser/lib/index.js:10903:61)
[2026-03-08T04:10:43.894Z] at TypeScriptParserMixin.parseExprOpBaseRightExpr (/home/ubuntu/seraj_asenware_yemen/node_modules/.pnpm/@babel+parser@7.28.4/node_modules/@babel/parser/lib/index.js:10990:34)
[2026-03-08T04:10:43.894Z] at TypeScriptParserMixin.parseExprOpRightExpr (/home/ubuntu/seraj_asenware_yemen/node_modules/.pnpm/@babel+parser@7.28.4/node_modules/@babel/parser/lib/index.js:10985:21)
[2026-03-08T04:10:43.894Z] at TypeScriptParserMixin.parseExprOp (/home/ubuntu/seraj_asenware_yemen/node_modules/.pnpm/@babel+parser@7.28.4/node_modules/@babel/parser/lib/index.js:10951:27)
[2026-03-08T04:10:43.894Z] at TypeScriptParserMixin.parseExprOp (/home/ubuntu/seraj_asenware_yemen/node_modules/.pnpm/@babel+parser@7.28.4/node_modules/@babel/parser/lib/index.js:9394:18)
[2026-03-08T04:10:43.894Z] at TypeScriptParserMixin.parseExprOps (/home/ubuntu/seraj_asenware_yemen/node_modules/.pnpm/@babel+parser@7.28.4/node_modules/@babel/parser/lib/index.js:10912:17)
[2026-03-08T04:10:43.894Z] at TypeScriptParserMixin.parseMaybeConditional (/home/ubuntu/seraj_asenware_yemen/node_modules/.pnpm/@babel+parser@7.28.4/node_modules/@babel/parser/lib/index.js:10885:23)
[2026-03-08T04:10:43.895Z] at TypeScriptParserMixin.parseMaybeAssign (/home/ubuntu/seraj_asenware_yemen/node_modules/.pnpm/@babel+parser@7.28.4/node_modules/@babel/parser/lib/index.js:10835:21)
[2026-03-08T04:10:43.895Z] at TypeScriptParserMixin.parseMaybeAssign (/home/ubuntu/seraj_asenware_yemen/node_modules/.pnpm/@babel+parser@7.28.4/node_modules/@babel/parser/lib/index.js:9806:20)
[2026-03-08T04:10:43.895Z] at TypeScriptParserMixin.parseExpressionBase (/home/ubuntu/seraj_asenware_yemen/node_modules/.pnpm/@babel+parser@7.28.4/node_modules/@babel/parser/lib/index.js:10788:23)
[2026-03-08T04:10:43.895Z] at /home/ubuntu/seraj_asenware_yemen/node_modules/.pnpm/@babel+parser@7.28.4/node_modules/@babel/parser/lib/index.js:10784:39
[2026-03-08T04:10:43.895Z] at TypeScriptParserMixin.allowInAnd (/home/ubuntu/seraj_asenware_yemen/node_modules/.pnpm/@babel+parser@7.28.4/node_modules/@babel/parser/lib/index.js:12436:12)
[2026-03-08T04:10:57.284Z] 11:10:57 PM [vite] (client) hmr update /src/components/Header.tsx, /src/index.css
[2026-03-08T04:11:03.129Z] Dev server process group stopped
[2026-03-08T04:11:03.132Z] ELIFECYCLE  Command failed.
[2026-03-08T04:11:03.143Z] Dev server exited with code -15
[2026-03-08T04:11:06.148Z] Starting dev server with command: pnpm run dev
[2026-03-08T04:11:06.699Z] 
[2026-03-08T04:11:06.699Z] > seraj_asenware_yemen@1.0.0 dev /home/ubuntu/seraj_asenware_yemen
[2026-03-08T04:11:06.700Z] > vite --host
[2026-03-08T04:11:06.700Z] 
[2026-03-08T04:11:07.003Z] 
[2026-03-08T04:11:07.003Z] VITE v7.1.9  ready in 268 ms
[2026-03-08T04:11:07.004Z] 
[2026-03-08T04:11:07.004Z] ➜  Local:   http://localhost:3000/
[2026-03-08T04:11:07.005Z] ➜  Network: http://169.254.0.21:3000/
[2026-03-08T04:11:07.560Z] [baseline-browser-mapping] The data in this module is over two months old.  To ensure accurate Baseline data, please update: `npm i baseline-browser-mapping@latest -D`
